# JRE version: Java(TM) SE Runtime Environment (8.0_74-b02) (build 1.8.0_74-b02)
# Java VM: Java HotSpot(TM) 64-Bit Server VM (25.74-b02 mixed mode linux-amd64 compressed oops)
Heap:
 PSYoungGen      total 80896K, used 3049K [0x00000000eab00000, 0x00000000efd00000, 0x0000000100000000)
  eden space 77824K, 0% used [0x00000000eab00000,0x00000000eab00000,0x00000000ef700000)
  from space 3072K, 99% used [0x00000000ef700000,0x00000000ef9fa7c0,0x00000000efa00000)
  to   space 3072K, 0% used [0x00000000efa00000,0x00000000efa00000,0x00000000efd00000)
 ParOldGen       total 52224K, used 43733K [0x00000000c0000000, 0x00000000c3300000, 0x00000000eab00000)
  object space 52224K, 83% used [0x00000000c0000000,0x00000000c2ab5618,0x00000000c3300000)
 Metaspace       used 7666K, capacity 7876K, committed 8064K, reserved 1056768K
  class space    used 783K, capacity 820K, committed 896K, reserved 1048576K
GC Heap History (9 events):
Event: 1,334 GC heap before
{Heap before GC invocations=1 (full 0):
 PSYoungGen      total 22528K, used 19456K [0x00000000eab00000, 0x00000000ec400000, 0x0000000100000000)
  eden space 19456K, 100% used [0x00000000eab00000,0x00000000ebe00000,0x00000000ebe00000)
  from space 3072K, 0% used [0x00000000ec100000,0x00000000ec100000,0x00000000ec400000)
  to   space 3072K, 0% used [0x00000000ebe00000,0x00000000ebe00000,0x00000000ec100000)
 ParOldGen       total 52224K, used 0K [0x00000000c0000000, 0x00000000c3300000, 0x00000000eab00000)
  object space 52224K, 0% used [0x00000000c0000000,0x00000000c0000000,0x00000000c3300000)
 Metaspace       used 5448K, capacity 6704K, committed 6784K, reserved 1056768K
  class space    used 568K, capacity 616K, committed 640K, reserved 1048576K
Event: 1,350 GC heap after
Heap after GC invocations=1 (full 0):
 PSYoungGen      total 22528K, used 3068K [0x00000000eab00000, 0x00000000ed700000, 0x0000000100000000)
  eden space 19456K, 0% used [0x00000000eab00000,0x00000000eab00000,0x00000000ebe00000)
  from space 3072K, 99% used [0x00000000ebe00000,0x00000000ec0ff188,0x00000000ec100000)
  to   space 3072K, 0% used [0x00000000ed400000,0x00000000ed400000,0x00000000ed700000)
 ParOldGen       total 52224K, used 2469K [0x00000000c0000000, 0x00000000c3300000, 0x00000000eab00000)
  object space 52224K, 4% used [0x00000000c0000000,0x00000000c0269768,0x00000000c3300000)
 Metaspace       used 5448K, capacity 6704K, committed 6784K, reserved 1056768K
  class space    used 568K, capacity 616K, committed 640K, reserved 1048576K
}
Event: 2,184 GC heap before
{Heap before GC invocations=2 (full 0):
 PSYoungGen      total 22528K, used 22524K [0x00000000eab00000, 0x00000000ed700000, 0x0000000100000000)
  eden space 19456K, 100% used [0x00000000eab00000,0x00000000ebe00000,0x00000000ebe00000)
  from space 3072K, 99% used [0x00000000ebe00000,0x00000000ec0ff188,0x00000000ec100000)
  to   space 3072K, 0% used [0x00000000ed400000,0x00000000ed400000,0x00000000ed700000)
 ParOldGen       total 52224K, used 2469K [0x00000000c0000000, 0x00000000c3300000, 0x00000000eab00000)
  object space 52224K, 4% used [0x00000000c0000000,0x00000000c0269768,0x00000000c3300000)
 Metaspace       used 7472K, capacity 7748K, committed 8064K, reserved 1056768K
  class space    used 783K, capacity 820K, committed 896K, reserved 1048576K
Event: 2,198 GC heap after
Heap after GC invocations=2 (full 0):
 PSYoungGen      total 41984K, used 3059K [0x00000000eab00000, 0x00000000ed700000, 0x0000000100000000)
  eden space 38912K, 0% used [0x00000000eab00000,0x00000000eab00000,0x00000000ed100000)
  from space 3072K, 99% used [0x00000000ed400000,0x00000000ed6fcdc8,0x00000000ed700000)
  to   space 3072K, 0% used [0x00000000ed100000,0x00000000ed100000,0x00000000ed400000)
 ParOldGen       total 52224K, used 7252K [0x00000000c0000000, 0x00000000c3300000, 0x00000000eab00000)
  object space 52224K, 13% used [0x00000000c0000000,0x00000000c0715058,0x00000000c3300000)
 Metaspace       used 7472K, capacity 7748K, committed 8064K, reserved 1056768K
  class space    used 783K, capacity 820K, committed 896K, reserved 1048576K
}
Event: 2,770 GC heap before
{Heap before GC invocations=3 (full 0):
 PSYoungGen      total 41984K, used 41971K [0x00000000eab00000, 0x00000000ed700000, 0x0000000100000000)
  eden space 38912K, 100% used [0x00000000eab00000,0x00000000ed100000,0x00000000ed100000)
  from space 3072K, 99% used [0x00000000ed400000,0x00000000ed6fcdc8,0x00000000ed700000)
  to   space 3072K, 0% used [0x00000000ed100000,0x00000000ed100000,0x00000000ed400000)
 ParOldGen       total 52224K, used 7252K [0x00000000c0000000, 0x00000000c3300000, 0x00000000eab00000)
  object space 52224K, 13% used [0x00000000c0000000,0x00000000c0715058,0x00000000c3300000)
 Metaspace       used 7636K, capacity 7876K, committed 8064K, reserved 1056768K
  class space    used 783K, capacity 820K, committed 896K, reserved 1048576K
Event: 2,794 GC heap after
Heap after GC invocations=3 (full 0):
 PSYoungGen      total 41984K, used 3052K [0x00000000eab00000, 0x00000000efd00000, 0x0000000100000000)
  eden space 38912K, 0% used [0x00000000eab00000,0x00000000eab00000,0x00000000ed100000)
  from space 3072K, 99% used [0x00000000ed100000,0x00000000ed3fb158,0x00000000ed400000)
  to   space 3072K, 0% used [0x00000000efa00000,0x00000000efa00000,0x00000000efd00000)
 ParOldGen       total 52224K, used 12241K [0x00000000c0000000, 0x00000000c3300000, 0x00000000eab00000)
  object space 52224K, 23% used [0x00000000c0000000,0x00000000c0bf46e8,0x00000000c3300000)
 Metaspace       used 7636K, capacity 7876K, committed 8064K, reserved 1056768K
  class space    used 783K, capacity 820K, committed 896K, reserved 1048576K
}
Event: 3,057 GC heap before
{Heap before GC invocations=4 (full 0):
 PSYoungGen      total 41984K, used 41964K [0x00000000eab00000, 0x00000000efd00000, 0x0000000100000000)
  eden space 38912K, 100% used [0x00000000eab00000,0x00000000ed100000,0x00000000ed100000)
  from space 3072K, 99% used [0x00000000ed100000,0x00000000ed3fb158,0x00000000ed400000)
  to   space 3072K, 0% used [0x00000000efa00000,0x00000000efa00000,0x00000000efd00000)
 ParOldGen       total 52224K, used 12241K [0x00000000c0000000, 0x00000000c3300000, 0x00000000eab00000)
  object space 52224K, 23% used [0x00000000c0000000,0x00000000c0bf46e8,0x00000000c3300000)
 Metaspace       used 7661K, capacity 7876K, committed 8064K, reserved 1056768K
  class space    used 783K, capacity 820K, committed 896K, reserved 1048576K
Event: 3,099 GC heap after
Heap after GC invocations=4 (full 0):
 PSYoungGen      total 80896K, used 3069K [0x00000000eab00000, 0x00000000efd00000, 0x0000000100000000)
  eden space 77824K, 0% used [0x00000000eab00000,0x00000000eab00000,0x00000000ef700000)
  from space 3072K, 99% used [0x00000000efa00000,0x00000000efcff738,0x00000000efd00000)
  to   space 3072K, 0% used [0x00000000ef700000,0x00000000ef700000,0x00000000efa00000)
 ParOldGen       total 52224K, used 21443K [0x00000000c0000000, 0x00000000c3300000, 0x00000000eab00000)
  object space 52224K, 41% used [0x00000000c0000000,0x00000000c14f0d98,0x00000000c3300000)
 Metaspace       used 7661K, capacity 7876K, committed 8064K, reserved 1056768K
  class space    used 783K, capacity 820K, committed 896K, reserved 1048576K
}
Event: 3,680 GC heap before
{Heap before GC invocations=5 (full 0):
 PSYoungGen      total 80896K, used 80893K [0x00000000eab00000, 0x00000000efd00000, 0x0000000100000000)
  eden space 77824K, 100% used [0x00000000eab00000,0x00000000ef700000,0x00000000ef700000)
  from space 3072K, 99% used [0x00000000efa00000,0x00000000efcff738,0x00000000efd00000)
  to   space 3072K, 0% used [0x00000000ef700000,0x00000000ef700000,0x00000000efa00000)
 ParOldGen       total 52224K, used 21443K [0x00000000c0000000, 0x00000000c3300000, 0x00000000eab00000)
  object space 52224K, 41% used [0x00000000c0000000,0x00000000c14f0d98,0x00000000c3300000)
 Metaspace       used 7666K, capacity 7876K, committed 8064K, reserved 1056768K
  class space    used 783K, capacity 820K, committed 896K, reserved 1048576K

