# JRE version: Java(TM) SE Runtime Environment (8.0_74-b02) (build 1.8.0_74-b02)
# Java VM: Java HotSpot(TM) 64-Bit Server VM (25.74-b02 mixed mode linux-amd64 compressed oops)
Heap:
 PSYoungGen      total 80896K, used 3069K [0x00000000eab00000, 0x00000000efd00000, 0x0000000100000000)
  eden space 77824K, 0% used [0x00000000eab00000,0x00000000eab00000,0x00000000ef700000)
  from space 3072K, 99% used [0x00000000ef700000,0x00000000ef9ff420,0x00000000efa00000)
  to   space 3072K, 0% used [0x00000000efa00000,0x00000000efa00000,0x00000000efd00000)
 ParOldGen       total 52224K, used 46591K [0x00000000c0000000, 0x00000000c3300000, 0x00000000eab00000)
  object space 52224K, 89% used [0x00000000c0000000,0x00000000c2d7fc28,0x00000000c3300000)
 Metaspace       used 7656K, capacity 7876K, committed 8064K, reserved 1056768K
  class space    used 783K, capacity 820K, committed 896K, reserved 1048576K
GC Heap History (9 events):
Event: 1,629 GC heap before
{Heap before GC invocations=1 (full 0):
 PSYoungGen      total 22528K, used 19456K [0x00000000eab00000, 0x00000000ec400000, 0x0000000100000000)
  eden space 19456K, 100% used [0x00000000eab00000,0x00000000ebe00000,0x00000000ebe00000)
  from space 3072K, 0% used [0x00000000ec100000,0x00000000ec100000,0x00000000ec400000)
  to   space 3072K, 0% used [0x00000000ebe00000,0x00000000ebe00000,0x00000000ec100000)
 ParOldGen       total 52224K, used 0K [0x00000000c0000000, 0x00000000c3300000, 0x00000000eab00000)
  object space 52224K, 0% used [0x00000000c0000000,0x00000000c0000000,0x00000000c3300000)
 Metaspace       used 5475K, capacity 6768K, committed 7040K, reserved 1056768K
  class space    used 568K, capacity 616K, committed 640K, reserved 1048576K
Event: 1,646 GC heap after
Heap after GC invocations=1 (full 0):
 PSYoungGen      total 22528K, used 3059K [0x00000000eab00000, 0x00000000ed700000, 0x0000000100000000)
  eden space 19456K, 0% used [0x00000000eab00000,0x00000000eab00000,0x00000000ebe00000)
  from space 3072K, 99% used [0x00000000ebe00000,0x00000000ec0fcf58,0x00000000ec100000)
  to   space 3072K, 0% used [0x00000000ed400000,0x00000000ed400000,0x00000000ed700000)
 ParOldGen       total 52224K, used 2435K [0x00000000c0000000, 0x00000000c3300000, 0x00000000eab00000)
  object space 52224K, 4% used [0x00000000c0000000,0x00000000c0260f50,0x00000000c3300000)
 Metaspace       used 5475K, capacity 6768K, committed 7040K, reserved 1056768K
  class space    used 568K, capacity 616K, committed 640K, reserved 1048576K
}
Event: 2,879 GC heap before
{Heap before GC invocations=2 (full 0):
 PSYoungGen      total 22528K, used 22515K [0x00000000eab00000, 0x00000000ed700000, 0x0000000100000000)
  eden space 19456K, 100% used [0x00000000eab00000,0x00000000ebe00000,0x00000000ebe00000)
  from space 3072K, 99% used [0x00000000ebe00000,0x00000000ec0fcf58,0x00000000ec100000)
  to   space 3072K, 0% used [0x00000000ed400000,0x00000000ed400000,0x00000000ed700000)
 ParOldGen       total 52224K, used 2435K [0x00000000c0000000, 0x00000000c3300000, 0x00000000eab00000)
  object space 52224K, 4% used [0x00000000c0000000,0x00000000c0260f50,0x00000000c3300000)
 Metaspace       used 7479K, capacity 7748K, committed 8064K, reserved 1056768K
  class space    used 783K, capacity 820K, committed 896K, reserved 1048576K
Event: 2,900 GC heap after
Heap after GC invocations=2 (full 0):
 PSYoungGen      total 41984K, used 3065K [0x00000000eab00000, 0x00000000ed700000, 0x0000000100000000)
  eden space 38912K, 0% used [0x00000000eab00000,0x00000000eab00000,0x00000000ed100000)
  from space 3072K, 99% used [0x00000000ed400000,0x00000000ed6fe4c8,0x00000000ed700000)
  to   space 3072K, 0% used [0x00000000ed100000,0x00000000ed100000,0x00000000ed400000)
 ParOldGen       total 52224K, used 6917K [0x00000000c0000000, 0x00000000c3300000, 0x00000000eab00000)
  object space 52224K, 13% used [0x00000000c0000000,0x00000000c06c1520,0x00000000c3300000)
 Metaspace       used 7479K, capacity 7748K, committed 8064K, reserved 1056768K
  class space    used 783K, capacity 820K, committed 896K, reserved 1048576K
}
Event: 3,500 GC heap before
{Heap before GC invocations=3 (full 0):
 PSYoungGen      total 41984K, used 41977K [0x00000000eab00000, 0x00000000ed700000, 0x0000000100000000)
  eden space 38912K, 100% used [0x00000000eab00000,0x00000000ed100000,0x00000000ed100000)
  from space 3072K, 99% used [0x00000000ed400000,0x00000000ed6fe4c8,0x00000000ed700000)
  to   space 3072K, 0% used [0x00000000ed100000,0x00000000ed100000,0x00000000ed400000)
 ParOldGen       total 52224K, used 6917K [0x00000000c0000000, 0x00000000c3300000, 0x00000000eab00000)
  object space 52224K, 13% used [0x00000000c0000000,0x00000000c06c1520,0x00000000c3300000)
 Metaspace       used 7626K, capacity 7876K, committed 8064K, reserved 1056768K
  class space    used 783K, capacity 820K, committed 896K, reserved 1048576K
Event: 3,535 GC heap after
Heap after GC invocations=3 (full 0):
 PSYoungGen      total 41984K, used 3068K [0x00000000eab00000, 0x00000000efd00000, 0x0000000100000000)
  eden space 38912K, 0% used [0x00000000eab00000,0x00000000eab00000,0x00000000ed100000)
  from space 3072K, 99% used [0x00000000ed100000,0x00000000ed3ff010,0x00000000ed400000)
  to   space 3072K, 0% used [0x00000000efa00000,0x00000000efa00000,0x00000000efd00000)
 ParOldGen       total 52224K, used 11877K [0x00000000c0000000, 0x00000000c3300000, 0x00000000eab00000)
  object space 52224K, 22% used [0x00000000c0000000,0x00000000c0b996c8,0x00000000c3300000)
 Metaspace       used 7626K, capacity 7876K, committed 8064K, reserved 1056768K
  class space    used 783K, capacity 820K, committed 896K, reserved 1048576K
}
Event: 3,730 GC heap before
{Heap before GC invocations=4 (full 0):
 PSYoungGen      total 41984K, used 41980K [0x00000000eab00000, 0x00000000efd00000, 0x0000000100000000)
  eden space 38912K, 100% used [0x00000000eab00000,0x00000000ed100000,0x00000000ed100000)
  from space 3072K, 99% used [0x00000000ed100000,0x00000000ed3ff010,0x00000000ed400000)
  to   space 3072K, 0% used [0x00000000efa00000,0x00000000efa00000,0x00000000efd00000)
 ParOldGen       total 52224K, used 11877K [0x00000000c0000000, 0x00000000c3300000, 0x00000000eab00000)
  object space 52224K, 22% used [0x00000000c0000000,0x00000000c0b996c8,0x00000000c3300000)
 Metaspace       used 7646K, capacity 7876K, committed 8064K, reserved 1056768K
  class space    used 783K, capacity 820K, committed 896K, reserved 1048576K
Event: 3,827 GC heap after
Heap after GC invocations=4 (full 0):
 PSYoungGen      total 80896K, used 2687K [0x00000000eab00000, 0x00000000efd00000, 0x0000000100000000)
  eden space 77824K, 0% used [0x00000000eab00000,0x00000000eab00000,0x00000000ef700000)
  from space 3072K, 87% used [0x00000000efa00000,0x00000000efc9fe30,0x00000000efd00000)
  to   space 3072K, 0% used [0x00000000ef700000,0x00000000ef700000,0x00000000efa00000)
 ParOldGen       total 52224K, used 22964K [0x00000000c0000000, 0x00000000c3300000, 0x00000000eab00000)
  object space 52224K, 43% used [0x00000000c0000000,0x00000000c166d368,0x00000000c3300000)
 Metaspace       used 7646K, capacity 7876K, committed 8064K, reserved 1056768K
  class space    used 783K, capacity 820K, committed 896K, reserved 1048576K
}
Event: 4,308 GC heap before
{Heap before GC invocations=5 (full 0):
 PSYoungGen      total 80896K, used 80511K [0x00000000eab00000, 0x00000000efd00000, 0x0000000100000000)
  eden space 77824K, 100% used [0x00000000eab00000,0x00000000ef700000,0x00000000ef700000)
  from space 3072K, 87% used [0x00000000efa00000,0x00000000efc9fe30,0x00000000efd00000)
  to   space 3072K, 0% used [0x00000000ef700000,0x00000000ef700000,0x00000000efa00000)
 ParOldGen       total 52224K, used 22964K [0x00000000c0000000, 0x00000000c3300000, 0x00000000eab00000)
  object space 52224K, 43% used [0x00000000c0000000,0x00000000c166d368,0x00000000c3300000)
 Metaspace       used 7656K, capacity 7876K, committed 8064K, reserved 1056768K
  class space    used 783K, capacity 820K, committed 896K, reserved 1048576K

